<?xml version="1.0" encoding="UTF-8"?>
<testsuite name="com.digitalojt.web.DroneInventorySystemApplicationTests" tests="1" skipped="0" failures="0" errors="0" timestamp="2024-03-21T14:21:46" hostname="8c300d6fea6e" time="1.238">
  <properties/>
  <testcase name="contextLoads()" classname="com.digitalojt.web.DroneInventorySystemApplicationTests" time="1.238"/>
  <system-out><![CDATA[14:21:28.411 [Test worker] INFO org.springframework.test.context.support.AnnotationConfigContextLoaderUtils -- Could not detect default configuration classes for test class [com.digitalojt.web.DroneInventorySystemApplicationTests]: DroneInventorySystemApplicationTests does not declare any static, non-private, non-final, nested classes annotated with @Configuration.
14:21:28.839 [Test worker] INFO org.springframework.boot.test.context.SpringBootTestContextBootstrapper -- Found @SpringBootConfiguration com.digitalojt.web.DroneInventorySystemApplication for test class com.digitalojt.web.DroneInventorySystemApplicationTests

  .   ____          _            __ _ _
 /\\ / ___'_ __ _ _(_)_ __  __ _ \ \ \ \
( ( )\___ | '_ | '_| | '_ \/ _` | \ \ \ \
 \\/  ___)| |_)| | | | | || (_| |  ) ) ) )
  '  |____| .__|_| |_|_| |_\__, | / / / /
 =========|_|==============|___/=/_/_/_/
 :: Spring Boot ::                (v3.2.2)

2024-03-21T14:21:30.825Z  INFO 691 --- [    Test worker] d.w.DroneInventorySystemApplicationTests : Starting DroneInventorySystemApplicationTests using Java 17.0.10 with PID 691 (started by root in /workspace)
2024-03-21T14:21:30.829Z  INFO 691 --- [    Test worker] d.w.DroneInventorySystemApplicationTests : No active profile set, falling back to 1 default profile: "default"
2024-03-21T14:21:33.434Z  INFO 691 --- [    Test worker] .s.d.r.c.RepositoryConfigurationDelegate : Bootstrapping Spring Data JPA repositories in DEFAULT mode.
2024-03-21T14:21:33.658Z  INFO 691 --- [    Test worker] .s.d.r.c.RepositoryConfigurationDelegate : Finished Spring Data repository scanning in 196 ms. Found 1 JPA repository interface.
2024-03-21T14:21:35.281Z  INFO 691 --- [    Test worker] com.zaxxer.hikari.HikariDataSource       : HikariPool-1 - Starting...
2024-03-21T14:21:36.069Z  INFO 691 --- [    Test worker] com.zaxxer.hikari.pool.HikariPool        : HikariPool-1 - Added connection com.mysql.cj.jdbc.ConnectionImpl@437ed416
2024-03-21T14:21:36.078Z  INFO 691 --- [    Test worker] com.zaxxer.hikari.HikariDataSource       : HikariPool-1 - Start completed.
2024-03-21T14:21:36.573Z  INFO 691 --- [    Test worker] o.f.c.internal.license.VersionPrinter    : Flyway Community Edition 9.22.3 by Redgate
2024-03-21T14:21:36.573Z  INFO 691 --- [    Test worker] o.f.c.internal.license.VersionPrinter    : See release notes here: https://rd.gt/416ObMi
2024-03-21T14:21:36.573Z  INFO 691 --- [    Test worker] o.f.c.internal.license.VersionPrinter    : 
2024-03-21T14:21:36.662Z  INFO 691 --- [    Test worker] org.flywaydb.core.FlywayExecutor         : Database: jdbc:mysql://db:3306/stock_mng (MySQL 8.0)
2024-03-21T14:21:36.786Z  INFO 691 --- [    Test worker] o.f.c.i.s.JdbcTableSchemaHistory         : Schema history table `stock_mng`.`flyway_schema_history` does not exist yet
2024-03-21T14:21:36.792Z  INFO 691 --- [    Test worker] o.f.core.internal.command.DbValidate     : Successfully validated 1 migration (execution time 00:00.061s)
2024-03-21T14:21:36.808Z  INFO 691 --- [    Test worker] o.f.c.i.s.JdbcTableSchemaHistory         : Creating Schema History table `stock_mng`.`flyway_schema_history` ...
2024-03-21T14:21:36.894Z  INFO 691 --- [    Test worker] o.f.core.internal.command.DbMigrate      : Current version of schema `stock_mng`: << Empty Schema >>
2024-03-21T14:21:36.930Z  INFO 691 --- [    Test worker] o.f.core.internal.command.DbMigrate      : Migrating schema `stock_mng` to version "1 - create table"
2024-03-21T14:21:37.132Z  INFO 691 --- [    Test worker] o.f.core.internal.command.DbMigrate      : Successfully applied 1 migration to schema `stock_mng`, now at version v1 (execution time 00:00.177s)
2024-03-21T14:21:39.698Z  INFO 691 --- [    Test worker] o.s.o.j.p.SpringPersistenceUnitInfo      : No LoadTimeWeaver setup: ignoring JPA class transformer
2024-03-21T14:21:44.403Z  INFO 691 --- [    Test worker] j.LocalContainerEntityManagerFactoryBean : Initialized JPA EntityManagerFactory for persistence unit 'default'
2024-03-21T14:21:45.350Z  WARN 691 --- [    Test worker] JpaBaseConfiguration$JpaWebConfiguration : spring.jpa.open-in-view is enabled by default. Therefore, database queries may be performed during view rendering. Explicitly configure spring.jpa.open-in-view to disable this warning
2024-03-21T14:21:46.759Z  INFO 691 --- [    Test worker] d.w.DroneInventorySystemApplicationTests : Started DroneInventorySystemApplicationTests in 16.934 seconds (process running for 19.853)
]]></system-out>
  <system-err><![CDATA[]]></system-err>
</testsuite>
